#
# There is insufficient memory for the Java Runtime Environment to continue.
# Native memory allocation (mmap) failed to map 232783872 bytes for G1 virtual space
# Possible reasons:
#   The system is out of physical RAM or swap space
#   The process is running with CompressedOops enabled, and the Java Heap may be blocking the growth of the native heap
# Possible solutions:
#   Reduce memory load on the system
#   Increase physical memory or swap space
#   Check if swap backing store is full
#   Decrease Java heap size (-Xmx/-Xms)
#   Decrease number of Java threads
#   Decrease Java thread stack sizes (-Xss)
#   Set larger code cache with -XX:ReservedCodeCacheSize=
#   JVM is running with Zero Based Compressed Oops mode in which the Java heap is
#     placed in the first 32GB address space. The Java Heap base address is the
#     maximum limit for the native heap growth. Please use -XX:HeapBaseMinAddress
#     to set the Java Heap base and to place the Java Heap above 32GB virtual address.
# This output file may be truncated or incomplete.
#
#  Out of Memory Error (os_windows.cpp:3530), pid=11604, tid=10092
#
# JRE version:  (18.0.2.1+1) (build )
# Java VM: OpenJDK 64-Bit Server VM (18.0.2.1+1-1, mixed mode, sharing, tiered, compressed oops, compressed class ptrs, g1 gc, windows-amd64)
# No core dump will be written. Minidumps are not enabled by default on client versions of Windows
#

---------------  S U M M A R Y ------------

Command Line: -javaagent:C:\Program Files\JetBrains\IntelliJ IDEA 2021.3.2\lib\idea_rt.jar=61267:C:\Program Files\JetBrains\IntelliJ IDEA 2021.3.2\bin -Dfile.encoding=UTF-8 -Dsun.stdout.encoding=UTF-8 -Dsun.stderr.encoding=UTF-8 Singidunum_Database.MainGUI

Host: AMD Ryzen 5 5600H with Radeon Graphics         , 12 cores, 13G,  Windows 11 , 64 bit Build 25206 (10.0.25206.1000)
Time: Sun Sep 25 20:51:45 2022 Central Europe Daylight Time elapsed time: 0.020511 seconds (0d 0h 0m 0s)

---------------  T H R E A D  ---------------

Current thread (0x0000020c9709f4a0):  JavaThread "Unknown thread" [_thread_in_vm, id=10092, stack(0x000000b4c1c00000,0x000000b4c1d00000)]

Stack: [0x000000b4c1c00000,0x000000b4c1d00000]
Native frames: (J=compiled Java code, j=interpreted, Vv=VM code, C=native code)
V  [jvm.dll+0x6993aa]
V  [jvm.dll+0x7f46dd]
V  [jvm.dll+0x7f5fee]
V  [jvm.dll+0x7f66a3]
V  [jvm.dll+0x25cf1f]
V  [jvm.dll+0x6962f9]
V  [jvm.dll+0x68ae2a]
V  [jvm.dll+0x32255b]
V  [jvm.dll+0x329f36]
V  [jvm.dll+0x37eade]
V  [jvm.dll+0x37ed0f]
V  [jvm.dll+0x2fa2da]
V  [jvm.dll+0x2fb33d]
V  [jvm.dll+0x7c3310]
V  [jvm.dll+0x38be61]
V  [jvm.dll+0x7a2023]
V  [jvm.dll+0x40dc3f]
V  [jvm.dll+0x40f611]
C  [jli.dll+0x526b]
C  [ucrtbase.dll+0x33797]
C  [KERNEL32.DLL+0x1469d]
C  [ntdll.dll+0x67558]


---------------  P R O C E S S  ---------------

Threads class SMR info:
_java_thread_list=0x00007ffd28f5e550, length=0, elements={
}

Java Threads: ( => current thread )

Other Threads:
  0x0000020c971068a0 WorkerThread "GC Thread#0" [stack: 0x000000b4c1d00000,0x000000b4c1e00000] [id=16844]
  0x0000020c971156f0 ConcurrentGCThread "G1 Main Marker" [stack: 0x000000b4c1e00000,0x000000b4c1f00000] [id=2576]
  0x0000020c97116880 WorkerThread "G1 Conc#0" [stack: 0x000000b4c1f00000,0x000000b4c2000000] [id=6148]

[error occurred during error reporting (printing all threads), id 0xc0000005, EXCEPTION_ACCESS_VIOLATION (0xc0000005) at pc=0x00007ffd2878a877]

VM state: not at safepoint (not fully initialized)

VM Mutex/Monitor currently owned by a thread:  ([mutex/lock_event])
[0x0000020c9709b2f0] Heap_lock - owner thread: 0x0000020c9709f4a0

Heap address: 0x0000000722400000, size: 3548 MB, Compressed Oops mode: Zero based, Oop shift amount: 3

CDS archive(s) mapped at: [0x0000000000000000-0x0000000000000000-0x0000000000000000), size 0, SharedBaseAddress: 0x0000000800000000, ArchiveRelocationMode: 0.
Narrow klass base: 0x0000000000000000, Narrow klass shift: 0, Narrow klass range: 0x0

GC Precious Log:
 CardTable entry size: 512
 Card Set container configuration: InlinePtr #cards 4 size 8 Array Of Cards #cards 16 size 48 Howl #buckets 8 coarsen threshold 3686 Howl Bitmap #cards 512 size 80 coarsen threshold 460 Card regions per heap region 1 cards per card region 4096

Heap:
 garbage-first heap   total 0K, used 0K [0x0000000722400000, 0x0000000800000000)
  region size 2048K, 0 young (0K), 0 survivors (0K)

[error occurred during error reporting (printing heap information), id 0xc0000005, EXCEPTION_ACCESS_VIOLATION (0xc0000005) at pc=0x00007ffd28b71839]

GC Heap History (0 events):
No events

Deoptimization events (0 events):
No events

Classes loaded (0 events):
No events

Classes unloaded (0 events):
No events

Classes redefined (0 events):
No events

Internal exceptions (0 events):
No events

VM Operations (0 events):
No events

Events (1 events):
Event: 0.012 Loaded shared library C:\Users\Samson\.jdks\openjdk-18.0.2.1\bin\java.dll


Dynamic libraries:
0x00007ff7657e0000 - 0x00007ff7657ee000 	C:\Users\Samson\.jdks\openjdk-18.0.2.1\bin\java.exe
0x00007ffd9efd0000 - 0x00007ffd9f1e9000 	C:\WINDOWS\SYSTEM32\ntdll.dll
0x00007ffd9e770000 - 0x00007ffd9e832000 	C:\WINDOWS\System32\KERNEL32.DLL
0x00007ffd9c8d0000 - 0x00007ffd9cc6f000 	C:\WINDOWS\System32\KERNELBASE.dll
0x00007ffd9c790000 - 0x00007ffd9c89e000 	C:\WINDOWS\System32\ucrtbase.dll
0x00007ffd88f30000 - 0x00007ffd88f4a000 	C:\Users\Samson\.jdks\openjdk-18.0.2.1\bin\VCRUNTIME140.dll
0x00007ffd936c0000 - 0x00007ffd936d7000 	C:\Users\Samson\.jdks\openjdk-18.0.2.1\bin\jli.dll
0x00007ffd9ec20000 - 0x00007ffd9edcc000 	C:\WINDOWS\System32\USER32.dll
0x00007ffd89050000 - 0x00007ffd892e1000 	C:\WINDOWS\WinSxS\amd64_microsoft.windows.common-controls_6595b64144ccf1df_6.0.25206.1000_none_7af4d88ed84627ac\COMCTL32.dll
0x00007ffd9c8a0000 - 0x00007ffd9c8c6000 	C:\WINDOWS\System32\win32u.dll
0x00007ffd9ee30000 - 0x00007ffd9eed7000 	C:\WINDOWS\System32\msvcrt.dll
0x00007ffd9e340000 - 0x00007ffd9e369000 	C:\WINDOWS\System32\GDI32.dll
0x00007ffd9c5b0000 - 0x00007ffd9c6c5000 	C:\WINDOWS\System32\gdi32full.dll
0x00007ffd9cd00000 - 0x00007ffd9cd9a000 	C:\WINDOWS\System32\msvcp_win.dll
0x00007ffd9edf0000 - 0x00007ffd9ee21000 	C:\WINDOWS\System32\IMM32.DLL
0x00007ffd99190000 - 0x00007ffd9919c000 	C:\Users\Samson\.jdks\openjdk-18.0.2.1\bin\vcruntime140_1.dll
0x00007ffd5f040000 - 0x00007ffd5f0cd000 	C:\Users\Samson\.jdks\openjdk-18.0.2.1\bin\msvcp140.dll
0x00007ffd28480000 - 0x00007ffd29091000 	C:\Users\Samson\.jdks\openjdk-18.0.2.1\bin\server\jvm.dll
0x00007ffd9e370000 - 0x00007ffd9e41e000 	C:\WINDOWS\System32\ADVAPI32.dll
0x00007ffd9eee0000 - 0x00007ffd9ef86000 	C:\WINDOWS\System32\sechost.dll
0x00007ffd9e840000 - 0x00007ffd9e967000 	C:\WINDOWS\System32\RPCRT4.dll
0x00007ffd9e330000 - 0x00007ffd9e338000 	C:\WINDOWS\System32\PSAPI.DLL
0x00007ffd78af0000 - 0x00007ffd78af9000 	C:\WINDOWS\SYSTEM32\WSOCK32.dll
0x00007ffd948e0000 - 0x00007ffd94916000 	C:\WINDOWS\SYSTEM32\WINMM.dll
0x00007ffd924f0000 - 0x00007ffd924fa000 	C:\WINDOWS\SYSTEM32\VERSION.dll
0x00007ffd9eba0000 - 0x00007ffd9ec0f000 	C:\WINDOWS\System32\WS2_32.dll
0x00007ffd9b330000 - 0x00007ffd9b348000 	C:\WINDOWS\SYSTEM32\kernel.appcore.dll
0x00007ffd90800000 - 0x00007ffd9080a000 	C:\Users\Samson\.jdks\openjdk-18.0.2.1\bin\jimage.dll
0x00007ffd99ce0000 - 0x00007ffd99f11000 	C:\WINDOWS\SYSTEM32\DBGHELP.DLL
0x00007ffd9cf40000 - 0x00007ffd9d2c9000 	C:\WINDOWS\System32\combase.dll
0x00007ffd9eaa0000 - 0x00007ffd9eb78000 	C:\WINDOWS\System32\OLEAUT32.dll
0x00007ffd85020000 - 0x00007ffd85052000 	C:\WINDOWS\SYSTEM32\dbgcore.DLL
0x00007ffd9cc80000 - 0x00007ffd9ccf9000 	C:\WINDOWS\System32\bcryptPrimitives.dll
0x00007ffd88f20000 - 0x00007ffd88f2e000 	C:\Users\Samson\.jdks\openjdk-18.0.2.1\bin\instrument.dll
0x00007ffd88380000 - 0x00007ffd883a5000 	C:\Users\Samson\.jdks\openjdk-18.0.2.1\bin\java.dll

dbghelp: loaded successfully - version: 4.0.5 - missing functions: none
symbol engine: initialized successfully - sym options: 0x614 - pdb path: .;C:\Users\Samson\.jdks\openjdk-18.0.2.1\bin;C:\WINDOWS\SYSTEM32;C:\WINDOWS\WinSxS\amd64_microsoft.windows.common-controls_6595b64144ccf1df_6.0.25206.1000_none_7af4d88ed84627ac;C:\Users\Samson\.jdks\openjdk-18.0.2.1\bin\server

VM Arguments:
jvm_args: -javaagent:C:\Program Files\JetBrains\IntelliJ IDEA 2021.3.2\lib\idea_rt.jar=61267:C:\Program Files\JetBrains\IntelliJ IDEA 2021.3.2\bin -Dfile.encoding=UTF-8 -Dsun.stdout.encoding=UTF-8 -Dsun.stderr.encoding=UTF-8 
java_command: Singidunum_Database.MainGUI
java_class_path (initial): C:\Users\Samson\OneDrive - samxhavier\Desktop\Software & Data Engineering\SDE - OOP\Student_Database_FileIO\out\production\Student_Database_FileIO
Launcher Type: SUN_STANDARD

[Global flags]
     intx CICompilerCount                          = 4                                         {product} {ergonomic}
     uint ConcGCThreads                            = 3                                         {product} {ergonomic}
     uint G1ConcRefinementThreads                  = 10                                        {product} {ergonomic}
   size_t G1HeapRegionSize                         = 2097152                                   {product} {ergonomic}
    uintx GCDrainStackTargetSize                   = 64                                        {product} {ergonomic}
   size_t InitialHeapSize                          = 232783872                                 {product} {ergonomic}
   size_t MarkStackSize                            = 4194304                                   {product} {ergonomic}
   size_t MaxHeapSize                              = 3720347648                                {product} {ergonomic}
   size_t MinHeapDeltaBytes                        = 2097152                                   {product} {ergonomic}
   size_t MinHeapSize                              = 8388608                                   {product} {ergonomic}
    uintx NonNMethodCodeHeapSize                   = 5839372                                {pd product} {ergonomic}
    uintx NonProfiledCodeHeapSize                  = 122909434                              {pd product} {ergonomic}
    uintx ProfiledCodeHeapSize                     = 122909434                              {pd product} {ergonomic}
    uintx ReservedCodeCacheSize                    = 251658240                              {pd product} {ergonomic}
     bool SegmentedCodeCache                       = true                                      {product} {ergonomic}
   size_t SoftMaxHeapSize                          = 3720347648                             {manageable} {ergonomic}
     bool UseCompressedClassPointers               = true                           {product lp64_product} {ergonomic}
     bool UseCompressedOops                        = true                           {product lp64_product} {ergonomic}
     bool UseG1GC                                  = true                                      {product} {ergonomic}
     bool UseLargePagesIndividualAllocation        = false                                  {pd product} {ergonomic}

Logging:
Log output configuration:
 #0: stdout all=warning uptime,level,tags foldmultilines=false
 #1: stderr all=off uptime,level,tags foldmultilines=false

Environment Variables:
PATH=C:\Program Files\Common Files\Oracle\Java\javapath;C:\Program Files (x86)\Common Files\Intel\Shared Libraries\redist\intel64\compiler;C:\Windows\system32;C:\Windows;C:\Windows\System32\Wbem;C:\Windows\System32\WindowsPowerShell\v1.0\;C:\Windows\System32\OpenSSH\;C:\Program Files (x86)\NVIDIA Corporation\PhysX\Common;C:\Program Files\NVIDIA Corporation\NVIDIA NvDLISR;C:\WINDOWS\system32;C:\WINDOWS;C:\WINDOWS\System32\Wbem;C:\WINDOWS\System32\WindowsPowerShell\v1.0\;C:\WINDOWS\System32\OpenSSH\;C:\Program Files\dotnet\;%SystemRoot%\system32;%SystemRoot%;%SystemRoot%\System32\Wbem;%SYSTEMROOT%\System32\WindowsPowerShell\v1.0\;%SYSTEMROOT%\System32\OpenSSH\;C:\Users\Samson\AppData\Local\Microsoft\WindowsApps;;C:\Program Files\JetBrains\CLion 2021.3.2\bin;;C:\Program Files\JetBrains\PyCharm 2022.1.3\bin;;C:\Program Files\JetBrains\WebStorm 2021.3.1\bin;;C:\Program Files\JetBrains\PhpStorm 2021.3.1\bin;;C:\Users\Samson\AppData\Local\Programs\Microsoft VS Code\bin;C:\Program Files\JetBrains\IntelliJ IDEA 2021.3.2\bin;;C:\Program Files\JetBrains\DataGrip 2022.1.5\bin;;C:\Users\Samson\.dotnet\tools
USERNAME=Samson
OS=Windows_NT
PROCESSOR_IDENTIFIER=AMD64 Family 25 Model 80 Stepping 0, AuthenticAMD



---------------  S Y S T E M  ---------------

OS:
 Windows 11 , 64 bit Build 25206 (10.0.25206.1000)
OS uptime: 1 days 0:02 hours
Hyper-V role detected

CPU: total 12 (initial active 12) (12 cores per cpu, 2 threads per core) family 25 model 80 stepping 0 microcode 0xa50000c, cx8, cmov, fxsr, ht, mmx, 3dnowpref, sse, sse2, sse3, ssse3, sse4a, sse4.1, sse4.2, popcnt, lzcnt, tsc, tscinvbit, avx, avx2, aes, erms, clmul, bmi1, bmi2, adx, sha, fma, vzeroupper, clflush, clflushopt, hv

Memory: 4k page, system-wide physical 14188M (2607M free)
TotalPageFile size 38683M (AvailPageFile size 136M)
current process WorkingSet (physical memory assigned to process): 12M, peak: 12M
current process commit charge ("private bytes"): 64M, peak: 286M

vm_info: OpenJDK 64-Bit Server VM (18.0.2.1+1-1) for windows-amd64 JRE (18.0.2.1+1-1), built on Aug 16 2022 01:44:29 by "mach5one" with MS VC++ 16.8 / 16.9 (VS2019)

END.
